This file contains any messages produced by compilers while
running configure, to aid debugging if configure makes a mistake.

It was created by OpenBSD-Compat configure Portable, which was
generated by GNU Autoconf 2.65.  Invocation command line was

  $ /home/dmonad/git/_test2/src/binary/pdftex-1.40.11/src/libs/obsdcompat/configure --disable-option-checking --prefix=/usr/local --enable-native-texlive-build --enable-cxx-runtime-hack --disable-shared --disable-largefile --without-x --disable-ptex --without-system-freetype --without-system-freetype2 --without-system-gd --without-system-graphite --without-system-icu --without-system-kpathsea --without-system-libpng --without-system-ptexenc --without-system-t1lib --without-system-teckit --without-system-xpdf --without-system-zlib --disable-all-pkgs --enable-pdftex --enable-static --enable-multiplatform=yes --enable-libtool-hack=yes --enable-texlive-build --bindir=${exec_prefix}/bin/x86_64-unknown-linux-gnu --libdir=${exec_prefix}/lib/x86_64-unknown-linux-gnu --enable-chktex=no --enable-dialog=no --enable-ps2eps=no --enable-psutils=no --enable-t1utils=no --enable-tpic2pdftex=no --enable-vlna=no --enable-xindy=no --with-clisp-runtime=default --disable-xpdfopen --enable-web2c=no --enable-afm2pl=no --enable-bibtex8=no --enable-bibtexu=no --enable-cjkutils=no --enable-detex=no --enable-devnag=no --enable-dtl=no --enable-dvi2tty=no --enable-dvidvi=no --enable-dviljk=no --enable-dvipdfmx=no --enable-dvipng=no --enable-dvipos=no --enable-dvipsk=no --enable-dvisvgm=no --enable-gsftopk=no --enable-lacheck=no --enable-lcdf-typetools=no --enable-makeindexk=no --enable-makejvf=no --enable-mendexk=no --enable-musixflx=no --enable-ps2pkm=no --enable-seetexk=no --enable-tex4htk=no --enable-ttf2pk=no --enable-ttfdump=no --enable-xdv2pdf=no --disable-xdvik --enable-xdvipdfmx=no --enable-tetex=no --enable-texlive=no --with-system-zziplib=no --mandir=${prefix}/texmf/doc/man --infodir=${prefix}/texmf/doc/info --cache-file=../../config.cache --srcdir=/home/dmonad/git/_test2/src/binary/pdftex-1.40.11/src/libs/obsdcompat --disable-build

## --------- ##
## Platform. ##
## --------- ##

hostname = Jahns-Ubuntu
uname -m = x86_64
uname -r = 4.4.0-57-generic
uname -s = Linux
uname -v = #78-Ubuntu SMP Fri Dec 9 23:50:32 UTC 2016

/usr/bin/uname -p = unknown
/bin/uname -X     = unknown

/bin/arch              = unknown
/usr/bin/arch -k       = unknown
/usr/convex/getsysinfo = unknown
/usr/bin/hostinfo      = unknown
/bin/machine           = unknown
/usr/bin/oslevel       = unknown
/bin/universe          = unknown

PATH: /home/dmonad/utils/emsdk_portable
PATH: /home/dmonad/utils/emsdk_portable/clang/fastcomp/build_master_64/bin
PATH: /home/dmonad/utils/emsdk_portable/node/4.1.1_64bit/bin
PATH: /home/dmonad/utils/emsdk_portable/emscripten/master
PATH: /usr/local/sbin
PATH: /usr/local/bin
PATH: /usr/sbin
PATH: /usr/bin
PATH: /sbin
PATH: /bin
PATH: /usr/games
PATH: /usr/local/games
PATH: /snap/bin


## ----------- ##
## Core tests. ##
## ----------- ##

configure:2344: loading cache ../../config.cache
configure:2468: checking for a BSD-compatible install
configure:2536: result: /usr/bin/install -c
configure:2547: checking whether build environment is sane
configure:2597: result: yes
configure:2738: checking for a thread-safe mkdir -p
configure:2777: result: /bin/mkdir -p
configure:2790: checking for gawk
configure:2817: result: gawk
configure:2828: checking whether make sets $(MAKE)
configure:2850: result: yes
configure:2931: checking whether to enable maintainer-specific portions of Makefiles
configure:2940: result: no
configure:3013: checking for gcc
configure:3040: result: gcc
configure:3269: checking for C compiler version
configure:3278: gcc --version >&5
gcc (Ubuntu 5.4.0-6ubuntu1~16.04.4) 5.4.0 20160609
Copyright (C) 2015 Free Software Foundation, Inc.
This is free software; see the source for copying conditions.  There is NO
warranty; not even for MERCHANTABILITY or FITNESS FOR A PARTICULAR PURPOSE.

configure:3289: $? = 0
configure:3278: gcc -v >&5
Using built-in specs.
COLLECT_GCC=gcc
COLLECT_LTO_WRAPPER=/usr/lib/gcc/x86_64-linux-gnu/5/lto-wrapper
Target: x86_64-linux-gnu
Configured with: ../src/configure -v --with-pkgversion='Ubuntu 5.4.0-6ubuntu1~16.04.4' --with-bugurl=file:///usr/share/doc/gcc-5/README.Bugs --enable-languages=c,ada,c++,java,go,d,fortran,objc,obj-c++ --prefix=/usr --program-suffix=-5 --enable-shared --enable-linker-build-id --libexecdir=/usr/lib --without-included-gettext --enable-threads=posix --libdir=/usr/lib --enable-nls --with-sysroot=/ --enable-clocale=gnu --enable-libstdcxx-debug --enable-libstdcxx-time=yes --with-default-libstdcxx-abi=new --enable-gnu-unique-object --disable-vtable-verify --enable-libmpx --enable-plugin --with-system-zlib --disable-browser-plugin --enable-java-awt=gtk --enable-gtk-cairo --with-java-home=/usr/lib/jvm/java-1.5.0-gcj-5-amd64/jre --enable-java-home --with-jvm-root-dir=/usr/lib/jvm/java-1.5.0-gcj-5-amd64 --with-jvm-jar-dir=/usr/lib/jvm-exports/java-1.5.0-gcj-5-amd64 --with-arch-directory=amd64 --with-ecj-jar=/usr/share/java/eclipse-ecj.jar --enable-objc-gc --enable-multiarch --disable-werror --with-arch-32=i686 --with-abi=m64 --with-multilib-list=m32,m64,mx32 --enable-multilib --with-tune=generic --enable-checking=release --build=x86_64-linux-gnu --host=x86_64-linux-gnu --target=x86_64-linux-gnu
Thread model: posix
gcc version 5.4.0 20160609 (Ubuntu 5.4.0-6ubuntu1~16.04.4) 
configure:3289: $? = 0
configure:3278: gcc -V >&5
gcc: error: unrecognized command line option '-V'
gcc: fatal error: no input files
compilation terminated.
configure:3289: $? = 1
configure:3278: gcc -qversion >&5
gcc: error: unrecognized command line option '-qversion'
gcc: fatal error: no input files
compilation terminated.
configure:3289: $? = 1
configure:3309: checking whether the C compiler works
configure:3331: gcc    conftest.c  >&5
configure:3335: $? = 0
configure:3384: result: yes
configure:3387: checking for C compiler default output file name
configure:3389: result: a.out
configure:3395: checking for suffix of executables
configure:3402: gcc -o conftest    conftest.c  >&5
configure:3406: $? = 0
configure:3428: result: 
configure:3450: checking whether we are cross compiling
configure:3458: gcc -o conftest    conftest.c  >&5
configure:3462: $? = 0
configure:3469: ./conftest
configure:3473: $? = 0
configure:3488: result: no
configure:3493: checking for suffix of object files
configure:3540: result: o
configure:3544: checking whether we are using the GNU C compiler
configure:3572: result: yes
configure:3581: checking whether gcc accepts -g
configure:3642: result: yes
configure:3659: checking for gcc option to accept ISO C89
configure:3736: result: none needed
configure:3767: checking for style of include used by make
configure:3795: result: GNU
configure:3820: checking dependency style of gcc
configure:3930: result: gcc3
configure:3949: checking build system type
configure:3963: result: x86_64-unknown-linux-gnu
configure:3983: checking host system type
configure:3996: result: x86_64-unknown-linux-gnu
configure:4022: checking how to run the C preprocessor
configure:4092: result: gcc -E
configure:4112: gcc -E  conftest.c
configure:4112: $? = 0
configure:4126: gcc -E  conftest.c
conftest.c:11:28: fatal error: ac_nonexistent.h: No such file or directory
compilation terminated.
configure:4126: $? = 1
configure: failed program was:
| /* confdefs.h */
| #define PACKAGE_NAME "OpenBSD-Compat"
| #define PACKAGE_TARNAME "openbsd-compat"
| #define PACKAGE_VERSION "Portable"
| #define PACKAGE_STRING "OpenBSD-Compat Portable"
| #define PACKAGE_BUGREPORT "martin@pdftex.org"
| #define PACKAGE_URL ""
| #define PACKAGE "openbsd-compat"
| #define VERSION "Portable"
| /* end confdefs.h.  */
| #include <ac_nonexistent.h>
configure:4155: checking for grep that handles long lines and -e
configure:4213: result: /bin/grep
configure:4218: checking for egrep
configure:4280: result: /bin/grep -E
configure:4285: checking for ANSI C header files
configure:4389: result: yes
configure:4402: checking for sys/types.h
configure:4402: result: yes
configure:4402: checking for sys/stat.h
configure:4402: result: yes
configure:4402: checking for stdlib.h
configure:4402: result: yes
configure:4402: checking for string.h
configure:4402: result: yes
configure:4402: checking for memory.h
configure:4402: result: yes
configure:4402: checking for strings.h
configure:4402: result: yes
configure:4402: checking for inttypes.h
configure:4402: result: yes
configure:4402: checking for stdint.h
configure:4402: result: yes
configure:4402: checking for unistd.h
configure:4402: result: yes
configure:4415: checking whether byte ordering is bigendian
configure:4430: gcc -c -g -O2  conftest.c >&5
conftest.c:22:9: error: unknown type name 'not'
         not a universal capable compiler
         ^
conftest.c:22:15: error: expected '=', ',', ';', 'asm' or '__attribute__' before 'universal'
         not a universal capable compiler
               ^
conftest.c:22:15: error: unknown type name 'universal'
configure:4430: $? = 1
configure: failed program was:
| /* confdefs.h */
| #define PACKAGE_NAME "OpenBSD-Compat"
| #define PACKAGE_TARNAME "openbsd-compat"
| #define PACKAGE_VERSION "Portable"
| #define PACKAGE_STRING "OpenBSD-Compat Portable"
| #define PACKAGE_BUGREPORT "martin@pdftex.org"
| #define PACKAGE_URL ""
| #define PACKAGE "openbsd-compat"
| #define VERSION "Portable"
| #define STDC_HEADERS 1
| #define HAVE_SYS_TYPES_H 1
| #define HAVE_SYS_STAT_H 1
| #define HAVE_STDLIB_H 1
| #define HAVE_STRING_H 1
| #define HAVE_MEMORY_H 1
| #define HAVE_STRINGS_H 1
| #define HAVE_INTTYPES_H 1
| #define HAVE_STDINT_H 1
| #define HAVE_UNISTD_H 1
| /* end confdefs.h.  */
| #ifndef __APPLE_CC__
| 	       not a universal capable compiler
| 	     #endif
| 	     typedef int dummy;
| 
configure:4475: gcc -c -g -O2  conftest.c >&5
configure:4475: $? = 0
configure:4493: gcc -c -g -O2  conftest.c >&5
conftest.c: In function 'main':
conftest.c:28:4: error: unknown type name 'not'
    not big endian
    ^
conftest.c:28:12: error: expected '=', ',', ';', 'asm' or '__attribute__' before 'endian'
    not big endian
            ^
configure:4493: $? = 1
configure: failed program was:
| /* confdefs.h */
| #define PACKAGE_NAME "OpenBSD-Compat"
| #define PACKAGE_TARNAME "openbsd-compat"
| #define PACKAGE_VERSION "Portable"
| #define PACKAGE_STRING "OpenBSD-Compat Portable"
| #define PACKAGE_BUGREPORT "martin@pdftex.org"
| #define PACKAGE_URL ""
| #define PACKAGE "openbsd-compat"
| #define VERSION "Portable"
| #define STDC_HEADERS 1
| #define HAVE_SYS_TYPES_H 1
| #define HAVE_SYS_STAT_H 1
| #define HAVE_STDLIB_H 1
| #define HAVE_STRING_H 1
| #define HAVE_MEMORY_H 1
| #define HAVE_STRINGS_H 1
| #define HAVE_INTTYPES_H 1
| #define HAVE_STDINT_H 1
| #define HAVE_UNISTD_H 1
| /* end confdefs.h.  */
| #include <sys/types.h>
| 		#include <sys/param.h>
| 
| int
| main ()
| {
| #if BYTE_ORDER != BIG_ENDIAN
| 		 not big endian
| 		#endif
| 
|   ;
|   return 0;
| }
configure:4621: result: no
configure:4645: checking for gawk
configure:4672: result: gawk
configure:4726: checking for ranlib
configure:4753: result: ranlib
configure:4775: checking for egrep
configure:4837: result: /bin/grep -E
configure:4844: checking for ar
configure:4862: found /usr/bin/ar
configure:4874: result: /usr/bin/ar
configure:4884: checking for cat
configure:4902: found /bin/cat
configure:4914: result: /bin/cat
configure:4924: checking for sed
configure:4954: result: /bin/sed
configure:4964: checking for bash
configure:4982: found /bin/bash
configure:4994: result: /bin/bash
configure:5004: checking for ksh
configure:5034: result: /bin/bash
configure:5044: checking for sh
configure:5074: result: /bin/bash
configure:5084: checking for sh
configure:5102: found /bin/sh
configure:5114: result: /bin/sh
configure:5334: checking for inline
configure:5358: result: inline
configure:5377: checking whether LLONG_MAX is declared
configure:5377: gcc -c -g -O2  conftest.c >&5
configure:5377: $? = 0
configure:5377: result: yes
configure:5673: checking compiler and flags for sanity
configure:5687: gcc -o conftest -g -O2 -Wall -Wpointer-arith -Wuninitialized   conftest.c  >&5
conftest.c: In function 'main':
conftest.c:23:12: warning: implicit declaration of function 'exit' [-Wimplicit-function-declaration]
 int main(){exit(0);}
            ^
conftest.c:23:12: warning: incompatible implicit declaration of built-in function 'exit'
conftest.c:23:12: note: include '<stdlib.h>' or provide a declaration of 'exit'
configure:5687: $? = 0
configure:5687: ./conftest
configure:5687: $? = 0
configure:5688: result: yes
configure:5718: checking endian.h usability
configure:5718: gcc -c -g -O2 -Wall -Wpointer-arith -Wuninitialized  conftest.c >&5
configure:5718: $? = 0
configure:5718: result: yes
configure:5718: checking endian.h presence
configure:5718: gcc -E  conftest.c
configure:5718: $? = 0
configure:5718: result: yes
configure:5718: checking for endian.h
configure:5718: result: yes
configure:5718: checking features.h usability
configure:5718: gcc -c -g -O2 -Wall -Wpointer-arith -Wuninitialized  conftest.c >&5
configure:5718: $? = 0
configure:5718: result: yes
configure:5718: checking features.h presence
configure:5718: gcc -E  conftest.c
configure:5718: $? = 0
configure:5718: result: yes
configure:5718: checking for features.h
configure:5718: result: yes
configure:5718: checking floatingpoint.h usability
configure:5718: gcc -c -g -O2 -Wall -Wpointer-arith -Wuninitialized  conftest.c >&5
conftest.c:56:27: fatal error: floatingpoint.h: No such file or directory
compilation terminated.
configure:5718: $? = 1
configure: failed program was:
| /* confdefs.h */
| #define PACKAGE_NAME "OpenBSD-Compat"
| #define PACKAGE_TARNAME "openbsd-compat"
| #define PACKAGE_VERSION "Portable"
| #define PACKAGE_STRING "OpenBSD-Compat Portable"
| #define PACKAGE_BUGREPORT "martin@pdftex.org"
| #define PACKAGE_URL ""
| #define PACKAGE "openbsd-compat"
| #define VERSION "Portable"
| #define STDC_HEADERS 1
| #define HAVE_SYS_TYPES_H 1
| #define HAVE_SYS_STAT_H 1
| #define HAVE_STDLIB_H 1
| #define HAVE_STRING_H 1
| #define HAVE_MEMORY_H 1
| #define HAVE_STRINGS_H 1
| #define HAVE_INTTYPES_H 1
| #define HAVE_STDINT_H 1
| #define HAVE_UNISTD_H 1
| #define HAVE_ENDIAN_H 1
| #define HAVE_FEATURES_H 1
| /* end confdefs.h.  */
| #include <stdio.h>
| #ifdef HAVE_SYS_TYPES_H
| # include <sys/types.h>
| #endif
| #ifdef HAVE_SYS_STAT_H
| # include <sys/stat.h>
| #endif
| #ifdef STDC_HEADERS
| # include <stdlib.h>
| # include <stddef.h>
| #else
| # ifdef HAVE_STDLIB_H
| #  include <stdlib.h>
| # endif
| #endif
| #ifdef HAVE_STRING_H
| # if !defined STDC_HEADERS && defined HAVE_MEMORY_H
| #  include <memory.h>
| # endif
| # include <string.h>
| #endif
| #ifdef HAVE_STRINGS_H
| # include <strings.h>
| #endif
| #ifdef HAVE_INTTYPES_H
| # include <inttypes.h>
| #endif
| #ifdef HAVE_STDINT_H
| # include <stdint.h>
| #endif
| #ifdef HAVE_UNISTD_H
| # include <unistd.h>
| #endif
| #include <floatingpoint.h>
configure:5718: result: no
configure:5718: checking floatingpoint.h presence
configure:5718: gcc -E  conftest.c
conftest.c:23:27: fatal error: floatingpoint.h: No such file or directory
compilation terminated.
configure:5718: $? = 1
configure: failed program was:
| /* confdefs.h */
| #define PACKAGE_NAME "OpenBSD-Compat"
| #define PACKAGE_TARNAME "openbsd-compat"
| #define PACKAGE_VERSION "Portable"
| #define PACKAGE_STRING "OpenBSD-Compat Portable"
| #define PACKAGE_BUGREPORT "martin@pdftex.org"
| #define PACKAGE_URL ""
| #define PACKAGE "openbsd-compat"
| #define VERSION "Portable"
| #define STDC_HEADERS 1
| #define HAVE_SYS_TYPES_H 1
| #define HAVE_SYS_STAT_H 1
| #define HAVE_STDLIB_H 1
| #define HAVE_STRING_H 1
| #define HAVE_MEMORY_H 1
| #define HAVE_STRINGS_H 1
| #define HAVE_INTTYPES_H 1
| #define HAVE_STDINT_H 1
| #define HAVE_UNISTD_H 1
| #define HAVE_ENDIAN_H 1
| #define HAVE_FEATURES_H 1
| /* end confdefs.h.  */
| #include <floatingpoint.h>
configure:5718: result: no
configure:5718: checking for floatingpoint.h
configure:5718: result: no
configure:5718: checking for limits.h
configure:5718: result: yes
configure:5718: checking stddef.h usability
configure:5718: gcc -c -g -O2 -Wall -Wpointer-arith -Wuninitialized  conftest.c >&5
configure:5718: $? = 0
configure:5718: result: yes
configure:5718: checking stddef.h presence
configure:5718: gcc -E  conftest.c
configure:5718: $? = 0
configure:5718: result: yes
configure:5718: checking for stddef.h
configure:5718: result: yes
configure:5718: checking for stdint.h
configure:5718: result: yes
configure:5718: checking for string.h
configure:5718: result: yes
configure:5718: checking for strings.h
configure:5718: result: yes
configure:5718: checking sys/stropts.h usability
configure:5718: gcc -c -g -O2 -Wall -Wpointer-arith -Wuninitialized  conftest.c >&5
configure:5718: $? = 0
configure:5718: result: yes
configure:5718: checking sys/stropts.h presence
configure:5718: gcc -E  conftest.c
configure:5718: $? = 0
configure:5718: result: yes
configure:5718: checking for sys/stropts.h
configure:5718: result: yes
configure:5718: checking sys/strtio.h usability
configure:5718: gcc -c -g -O2 -Wall -Wpointer-arith -Wuninitialized  conftest.c >&5
conftest.c:62:24: fatal error: sys/strtio.h: No such file or directory
compilation terminated.
configure:5718: $? = 1
configure: failed program was:
| /* confdefs.h */
| #define PACKAGE_NAME "OpenBSD-Compat"
| #define PACKAGE_TARNAME "openbsd-compat"
| #define PACKAGE_VERSION "Portable"
| #define PACKAGE_STRING "OpenBSD-Compat Portable"
| #define PACKAGE_BUGREPORT "martin@pdftex.org"
| #define PACKAGE_URL ""
| #define PACKAGE "openbsd-compat"
| #define VERSION "Portable"
| #define STDC_HEADERS 1
| #define HAVE_SYS_TYPES_H 1
| #define HAVE_SYS_STAT_H 1
| #define HAVE_STDLIB_H 1
| #define HAVE_STRING_H 1
| #define HAVE_MEMORY_H 1
| #define HAVE_STRINGS_H 1
| #define HAVE_INTTYPES_H 1
| #define HAVE_STDINT_H 1
| #define HAVE_UNISTD_H 1
| #define HAVE_ENDIAN_H 1
| #define HAVE_FEATURES_H 1
| #define HAVE_LIMITS_H 1
| #define HAVE_STDDEF_H 1
| #define HAVE_STDINT_H 1
| #define HAVE_STRING_H 1
| #define HAVE_STRINGS_H 1
| #define HAVE_SYS_STROPTS_H 1
| /* end confdefs.h.  */
| #include <stdio.h>
| #ifdef HAVE_SYS_TYPES_H
| # include <sys/types.h>
| #endif
| #ifdef HAVE_SYS_STAT_H
| # include <sys/stat.h>
| #endif
| #ifdef STDC_HEADERS
| # include <stdlib.h>
| # include <stddef.h>
| #else
| # ifdef HAVE_STDLIB_H
| #  include <stdlib.h>
| # endif
| #endif
| #ifdef HAVE_STRING_H
| # if !defined STDC_HEADERS && defined HAVE_MEMORY_H
| #  include <memory.h>
| # endif
| # include <string.h>
| #endif
| #ifdef HAVE_STRINGS_H
| # include <strings.h>
| #endif
| #ifdef HAVE_INTTYPES_H
| # include <inttypes.h>
| #endif
| #ifdef HAVE_STDINT_H
| # include <stdint.h>
| #endif
| #ifdef HAVE_UNISTD_H
| # include <unistd.h>
| #endif
| #include <sys/strtio.h>
configure:5718: result: no
configure:5718: checking sys/strtio.h presence
configure:5718: gcc -E  conftest.c
conftest.c:29:24: fatal error: sys/strtio.h: No such file or directory
compilation terminated.
configure:5718: $? = 1
configure: failed program was:
| /* confdefs.h */
| #define PACKAGE_NAME "OpenBSD-Compat"
| #define PACKAGE_TARNAME "openbsd-compat"
| #define PACKAGE_VERSION "Portable"
| #define PACKAGE_STRING "OpenBSD-Compat Portable"
| #define PACKAGE_BUGREPORT "martin@pdftex.org"
| #define PACKAGE_URL ""
| #define PACKAGE "openbsd-compat"
| #define VERSION "Portable"
| #define STDC_HEADERS 1
| #define HAVE_SYS_TYPES_H 1
| #define HAVE_SYS_STAT_H 1
| #define HAVE_STDLIB_H 1
| #define HAVE_STRING_H 1
| #define HAVE_MEMORY_H 1
| #define HAVE_STRINGS_H 1
| #define HAVE_INTTYPES_H 1
| #define HAVE_STDINT_H 1
| #define HAVE_UNISTD_H 1
| #define HAVE_ENDIAN_H 1
| #define HAVE_FEATURES_H 1
| #define HAVE_LIMITS_H 1
| #define HAVE_STDDEF_H 1
| #define HAVE_STDINT_H 1
| #define HAVE_STRING_H 1
| #define HAVE_STRINGS_H 1
| #define HAVE_SYS_STROPTS_H 1
| /* end confdefs.h.  */
| #include <sys/strtio.h>
configure:5718: result: no
configure:5718: checking for sys/strtio.h
configure:5718: result: no
configure:5718: checking sys/sysmacros.h usability
configure:5718: gcc -c -g -O2 -Wall -Wpointer-arith -Wuninitialized  conftest.c >&5
configure:5718: $? = 0
configure:5718: result: yes
configure:5718: checking sys/sysmacros.h presence
configure:5718: gcc -E  conftest.c
configure:5718: $? = 0
configure:5718: result: yes
configure:5718: checking for sys/sysmacros.h
configure:5718: result: yes
configure:5718: checking util.h usability
configure:5718: gcc -c -g -O2 -Wall -Wpointer-arith -Wuninitialized  conftest.c >&5
conftest.c:63:18: fatal error: util.h: No such file or directory
compilation terminated.
configure:5718: $? = 1
configure: failed program was:
| /* confdefs.h */
| #define PACKAGE_NAME "OpenBSD-Compat"
| #define PACKAGE_TARNAME "openbsd-compat"
| #define PACKAGE_VERSION "Portable"
| #define PACKAGE_STRING "OpenBSD-Compat Portable"
| #define PACKAGE_BUGREPORT "martin@pdftex.org"
| #define PACKAGE_URL ""
| #define PACKAGE "openbsd-compat"
| #define VERSION "Portable"
| #define STDC_HEADERS 1
| #define HAVE_SYS_TYPES_H 1
| #define HAVE_SYS_STAT_H 1
| #define HAVE_STDLIB_H 1
| #define HAVE_STRING_H 1
| #define HAVE_MEMORY_H 1
| #define HAVE_STRINGS_H 1
| #define HAVE_INTTYPES_H 1
| #define HAVE_STDINT_H 1
| #define HAVE_UNISTD_H 1
| #define HAVE_ENDIAN_H 1
| #define HAVE_FEATURES_H 1
| #define HAVE_LIMITS_H 1
| #define HAVE_STDDEF_H 1
| #define HAVE_STDINT_H 1
| #define HAVE_STRING_H 1
| #define HAVE_STRINGS_H 1
| #define HAVE_SYS_STROPTS_H 1
| #define HAVE_SYS_SYSMACROS_H 1
| /* end confdefs.h.  */
| #include <stdio.h>
| #ifdef HAVE_SYS_TYPES_H
| # include <sys/types.h>
| #endif
| #ifdef HAVE_SYS_STAT_H
| # include <sys/stat.h>
| #endif
| #ifdef STDC_HEADERS
| # include <stdlib.h>
| # include <stddef.h>
| #else
| # ifdef HAVE_STDLIB_H
| #  include <stdlib.h>
| # endif
| #endif
| #ifdef HAVE_STRING_H
| # if !defined STDC_HEADERS && defined HAVE_MEMORY_H
| #  include <memory.h>
| # endif
| # include <string.h>
| #endif
| #ifdef HAVE_STRINGS_H
| # include <strings.h>
| #endif
| #ifdef HAVE_INTTYPES_H
| # include <inttypes.h>
| #endif
| #ifdef HAVE_STDINT_H
| # include <stdint.h>
| #endif
| #ifdef HAVE_UNISTD_H
| # include <unistd.h>
| #endif
| #include <util.h>
configure:5718: result: no
configure:5718: checking util.h presence
configure:5718: gcc -E  conftest.c
conftest.c:30:18: fatal error: util.h: No such file or directory
compilation terminated.
configure:5718: $? = 1
configure: failed program was:
| /* confdefs.h */
| #define PACKAGE_NAME "OpenBSD-Compat"
| #define PACKAGE_TARNAME "openbsd-compat"
| #define PACKAGE_VERSION "Portable"
| #define PACKAGE_STRING "OpenBSD-Compat Portable"
| #define PACKAGE_BUGREPORT "martin@pdftex.org"
| #define PACKAGE_URL ""
| #define PACKAGE "openbsd-compat"
| #define VERSION "Portable"
| #define STDC_HEADERS 1
| #define HAVE_SYS_TYPES_H 1
| #define HAVE_SYS_STAT_H 1
| #define HAVE_STDLIB_H 1
| #define HAVE_STRING_H 1
| #define HAVE_MEMORY_H 1
| #define HAVE_STRINGS_H 1
| #define HAVE_INTTYPES_H 1
| #define HAVE_STDINT_H 1
| #define HAVE_UNISTD_H 1
| #define HAVE_ENDIAN_H 1
| #define HAVE_FEATURES_H 1
| #define HAVE_LIMITS_H 1
| #define HAVE_STDDEF_H 1
| #define HAVE_STDINT_H 1
| #define HAVE_STRING_H 1
| #define HAVE_STRINGS_H 1
| #define HAVE_SYS_STROPTS_H 1
| #define HAVE_SYS_SYSMACROS_H 1
| /* end confdefs.h.  */
| #include <util.h>
configure:5718: result: no
configure:5718: checking for util.h
configure:5718: result: no
configure:5732: checking for strftime
configure:5732: gcc -o conftest -g -O2 -Wall -Wpointer-arith -Wuninitialized   conftest.c  >&5
conftest.c:53:6: warning: conflicting types for built-in function 'strftime'
 char strftime ();
      ^
configure:5732: $? = 0
configure:5732: result: yes
configure:5803: checking for asprintf
configure:5803: gcc -o conftest -g -O2 -Wall -Wpointer-arith -Wuninitialized   conftest.c  >&5
configure:5803: $? = 0
configure:5803: result: yes
configure:5803: checking for bcopy
configure:5803: result: yes
configure:5803: checking for snprintf
configure:5803: gcc -o conftest -g -O2 -Wall -Wpointer-arith -Wuninitialized   conftest.c  >&5
conftest.c:56:6: warning: conflicting types for built-in function 'snprintf'
 char snprintf ();
      ^
configure:5803: $? = 0
configure:5803: result: yes
configure:5803: checking for strdup
configure:5803: gcc -o conftest -g -O2 -Wall -Wpointer-arith -Wuninitialized   conftest.c  >&5
conftest.c:57:6: warning: conflicting types for built-in function 'strdup'
 char strdup ();
      ^
configure:5803: $? = 0
configure:5803: result: yes
configure:5803: checking for strerror
configure:5803: gcc -o conftest -g -O2 -Wall -Wpointer-arith -Wuninitialized   conftest.c  >&5
configure:5803: $? = 0
configure:5803: result: yes
configure:5803: checking for strlcat
configure:5803: gcc -o conftest -g -O2 -Wall -Wpointer-arith -Wuninitialized   conftest.c  >&5
/tmp/ccsyjbAS.o: In function `main':
/home/dmonad/git/_test2/src/binary/pdftex-1.40.11/build-pdftex/libs/obsdcompat/conftest.c:70: undefined reference to `strlcat'
collect2: error: ld returned 1 exit status
configure:5803: $? = 1
configure: failed program was:
| /* confdefs.h */
| #define PACKAGE_NAME "OpenBSD-Compat"
| #define PACKAGE_TARNAME "openbsd-compat"
| #define PACKAGE_VERSION "Portable"
| #define PACKAGE_STRING "OpenBSD-Compat Portable"
| #define PACKAGE_BUGREPORT "martin@pdftex.org"
| #define PACKAGE_URL ""
| #define PACKAGE "openbsd-compat"
| #define VERSION "Portable"
| #define STDC_HEADERS 1
| #define HAVE_SYS_TYPES_H 1
| #define HAVE_SYS_STAT_H 1
| #define HAVE_STDLIB_H 1
| #define HAVE_STRING_H 1
| #define HAVE_MEMORY_H 1
| #define HAVE_STRINGS_H 1
| #define HAVE_INTTYPES_H 1
| #define HAVE_STDINT_H 1
| #define HAVE_UNISTD_H 1
| #define HAVE_ENDIAN_H 1
| #define HAVE_FEATURES_H 1
| #define HAVE_LIMITS_H 1
| #define HAVE_STDDEF_H 1
| #define HAVE_STDINT_H 1
| #define HAVE_STRING_H 1
| #define HAVE_STRINGS_H 1
| #define HAVE_SYS_STROPTS_H 1
| #define HAVE_SYS_SYSMACROS_H 1
| #define HAVE_STRFTIME 1
| #define HAVE_ASPRINTF 1
| #define HAVE_BCOPY 1
| #define HAVE_SNPRINTF 1
| #define HAVE_STRDUP 1
| #define HAVE_STRERROR 1
| /* end confdefs.h.  */
| /* Define strlcat to an innocuous variant, in case <limits.h> declares strlcat.
|    For example, HP-UX 11i <limits.h> declares gettimeofday.  */
| #define strlcat innocuous_strlcat
| 
| /* System header to define __stub macros and hopefully few prototypes,
|     which can conflict with char strlcat (); below.
|     Prefer <limits.h> to <assert.h> if __STDC__ is defined, since
|     <limits.h> exists even on freestanding compilers.  */
| 
| #ifdef __STDC__
| # include <limits.h>
| #else
| # include <assert.h>
| #endif
| 
| #undef strlcat
| 
| /* Override any GCC internal prototype to avoid an error.
|    Use char because int might match the return type of a GCC
|    builtin and then its argument prototype would still apply.  */
| #ifdef __cplusplus
| extern "C"
| #endif
| char strlcat ();
| /* The GNU C library defines this for functions which it implements
|     to always fail with ENOSYS.  Some functions are actually named
|     something starting with __ and the normal name is an alias.  */
| #if defined __stub_strlcat || defined __stub___strlcat
| choke me
| #endif
| 
| int
| main ()
| {
| return strlcat ();
|   ;
|   return 0;
| }
configure:5803: result: no
configure:5803: checking for strlcpy
configure:5803: gcc -o conftest -g -O2 -Wall -Wpointer-arith -Wuninitialized   conftest.c  >&5
/tmp/ccp3HZiO.o: In function `main':
/home/dmonad/git/_test2/src/binary/pdftex-1.40.11/build-pdftex/libs/obsdcompat/conftest.c:70: undefined reference to `strlcpy'
collect2: error: ld returned 1 exit status
configure:5803: $? = 1
configure: failed program was:
| /* confdefs.h */
| #define PACKAGE_NAME "OpenBSD-Compat"
| #define PACKAGE_TARNAME "openbsd-compat"
| #define PACKAGE_VERSION "Portable"
| #define PACKAGE_STRING "OpenBSD-Compat Portable"
| #define PACKAGE_BUGREPORT "martin@pdftex.org"
| #define PACKAGE_URL ""
| #define PACKAGE "openbsd-compat"
| #define VERSION "Portable"
| #define STDC_HEADERS 1
| #define HAVE_SYS_TYPES_H 1
| #define HAVE_SYS_STAT_H 1
| #define HAVE_STDLIB_H 1
| #define HAVE_STRING_H 1
| #define HAVE_MEMORY_H 1
| #define HAVE_STRINGS_H 1
| #define HAVE_INTTYPES_H 1
| #define HAVE_STDINT_H 1
| #define HAVE_UNISTD_H 1
| #define HAVE_ENDIAN_H 1
| #define HAVE_FEATURES_H 1
| #define HAVE_LIMITS_H 1
| #define HAVE_STDDEF_H 1
| #define HAVE_STDINT_H 1
| #define HAVE_STRING_H 1
| #define HAVE_STRINGS_H 1
| #define HAVE_SYS_STROPTS_H 1
| #define HAVE_SYS_SYSMACROS_H 1
| #define HAVE_STRFTIME 1
| #define HAVE_ASPRINTF 1
| #define HAVE_BCOPY 1
| #define HAVE_SNPRINTF 1
| #define HAVE_STRDUP 1
| #define HAVE_STRERROR 1
| /* end confdefs.h.  */
| /* Define strlcpy to an innocuous variant, in case <limits.h> declares strlcpy.
|    For example, HP-UX 11i <limits.h> declares gettimeofday.  */
| #define strlcpy innocuous_strlcpy
| 
| /* System header to define __stub macros and hopefully few prototypes,
|     which can conflict with char strlcpy (); below.
|     Prefer <limits.h> to <assert.h> if __STDC__ is defined, since
|     <limits.h> exists even on freestanding compilers.  */
| 
| #ifdef __STDC__
| # include <limits.h>
| #else
| # include <assert.h>
| #endif
| 
| #undef strlcpy
| 
| /* Override any GCC internal prototype to avoid an error.
|    Use char because int might match the return type of a GCC
|    builtin and then its argument prototype would still apply.  */
| #ifdef __cplusplus
| extern "C"
| #endif
| char strlcpy ();
| /* The GNU C library defines this for functions which it implements
|     to always fail with ENOSYS.  Some functions are actually named
|     something starting with __ and the normal name is an alias.  */
| #if defined __stub_strlcpy || defined __stub___strlcpy
| choke me
| #endif
| 
| int
| main ()
| {
| return strlcpy ();
|   ;
|   return 0;
| }
configure:5803: result: no
configure:5803: checking for strtonum
configure:5803: gcc -o conftest -g -O2 -Wall -Wpointer-arith -Wuninitialized   conftest.c  >&5
/tmp/cc4b0UBN.o: In function `main':
/home/dmonad/git/_test2/src/binary/pdftex-1.40.11/build-pdftex/libs/obsdcompat/conftest.c:70: undefined reference to `strtonum'
collect2: error: ld returned 1 exit status
configure:5803: $? = 1
configure: failed program was:
| /* confdefs.h */
| #define PACKAGE_NAME "OpenBSD-Compat"
| #define PACKAGE_TARNAME "openbsd-compat"
| #define PACKAGE_VERSION "Portable"
| #define PACKAGE_STRING "OpenBSD-Compat Portable"
| #define PACKAGE_BUGREPORT "martin@pdftex.org"
| #define PACKAGE_URL ""
| #define PACKAGE "openbsd-compat"
| #define VERSION "Portable"
| #define STDC_HEADERS 1
| #define HAVE_SYS_TYPES_H 1
| #define HAVE_SYS_STAT_H 1
| #define HAVE_STDLIB_H 1
| #define HAVE_STRING_H 1
| #define HAVE_MEMORY_H 1
| #define HAVE_STRINGS_H 1
| #define HAVE_INTTYPES_H 1
| #define HAVE_STDINT_H 1
| #define HAVE_UNISTD_H 1
| #define HAVE_ENDIAN_H 1
| #define HAVE_FEATURES_H 1
| #define HAVE_LIMITS_H 1
| #define HAVE_STDDEF_H 1
| #define HAVE_STDINT_H 1
| #define HAVE_STRING_H 1
| #define HAVE_STRINGS_H 1
| #define HAVE_SYS_STROPTS_H 1
| #define HAVE_SYS_SYSMACROS_H 1
| #define HAVE_STRFTIME 1
| #define HAVE_ASPRINTF 1
| #define HAVE_BCOPY 1
| #define HAVE_SNPRINTF 1
| #define HAVE_STRDUP 1
| #define HAVE_STRERROR 1
| /* end confdefs.h.  */
| /* Define strtonum to an innocuous variant, in case <limits.h> declares strtonum.
|    For example, HP-UX 11i <limits.h> declares gettimeofday.  */
| #define strtonum innocuous_strtonum
| 
| /* System header to define __stub macros and hopefully few prototypes,
|     which can conflict with char strtonum (); below.
|     Prefer <limits.h> to <assert.h> if __STDC__ is defined, since
|     <limits.h> exists even on freestanding compilers.  */
| 
| #ifdef __STDC__
| # include <limits.h>
| #else
| # include <assert.h>
| #endif
| 
| #undef strtonum
| 
| /* Override any GCC internal prototype to avoid an error.
|    Use char because int might match the return type of a GCC
|    builtin and then its argument prototype would still apply.  */
| #ifdef __cplusplus
| extern "C"
| #endif
| char strtonum ();
| /* The GNU C library defines this for functions which it implements
|     to always fail with ENOSYS.  Some functions are actually named
|     something starting with __ and the normal name is an alias.  */
| #if defined __stub_strtonum || defined __stub___strtonum
| choke me
| #endif
| 
| int
| main ()
| {
| return strtonum ();
|   ;
|   return 0;
| }
configure:5803: result: no
configure:5803: checking for strtoll
configure:5803: gcc -o conftest -g -O2 -Wall -Wpointer-arith -Wuninitialized   conftest.c  >&5
configure:5803: $? = 0
configure:5803: result: yes
configure:5803: checking for strtoul
configure:5803: gcc -o conftest -g -O2 -Wall -Wpointer-arith -Wuninitialized   conftest.c  >&5
configure:5803: $? = 0
configure:5803: result: yes
configure:5803: checking for sysconf
configure:5803: gcc -o conftest -g -O2 -Wall -Wpointer-arith -Wuninitialized   conftest.c  >&5
configure:5803: $? = 0
configure:5803: result: yes
configure:5803: checking for vasprintf
configure:5803: gcc -o conftest -g -O2 -Wall -Wpointer-arith -Wuninitialized   conftest.c  >&5
configure:5803: $? = 0
configure:5803: result: yes
configure:5803: checking for vsnprintf
configure:5803: gcc -o conftest -g -O2 -Wall -Wpointer-arith -Wuninitialized   conftest.c  >&5
conftest.c:63:6: warning: conflicting types for built-in function 'vsnprintf'
 char vsnprintf ();
      ^
configure:5803: $? = 0
configure:5803: result: yes
configure:5814: checking whether getrusage is declared
configure:5814: gcc -c -g -O2 -Wall -Wpointer-arith -Wuninitialized  conftest.c >&5
conftest.c: In function 'main':
conftest.c:78:10: error: 'getrusage' undeclared (first use in this function)
   (void) getrusage;
          ^
conftest.c:78:10: note: each undeclared identifier is reported only once for each function it appears in
configure:5814: $? = 1
configure: failed program was:
| /* confdefs.h */
| #define PACKAGE_NAME "OpenBSD-Compat"
| #define PACKAGE_TARNAME "openbsd-compat"
| #define PACKAGE_VERSION "Portable"
| #define PACKAGE_STRING "OpenBSD-Compat Portable"
| #define PACKAGE_BUGREPORT "martin@pdftex.org"
| #define PACKAGE_URL ""
| #define PACKAGE "openbsd-compat"
| #define VERSION "Portable"
| #define STDC_HEADERS 1
| #define HAVE_SYS_TYPES_H 1
| #define HAVE_SYS_STAT_H 1
| #define HAVE_STDLIB_H 1
| #define HAVE_STRING_H 1
| #define HAVE_MEMORY_H 1
| #define HAVE_STRINGS_H 1
| #define HAVE_INTTYPES_H 1
| #define HAVE_STDINT_H 1
| #define HAVE_UNISTD_H 1
| #define HAVE_ENDIAN_H 1
| #define HAVE_FEATURES_H 1
| #define HAVE_LIMITS_H 1
| #define HAVE_STDDEF_H 1
| #define HAVE_STDINT_H 1
| #define HAVE_STRING_H 1
| #define HAVE_STRINGS_H 1
| #define HAVE_SYS_STROPTS_H 1
| #define HAVE_SYS_SYSMACROS_H 1
| #define HAVE_STRFTIME 1
| #define HAVE_ASPRINTF 1
| #define HAVE_BCOPY 1
| #define HAVE_SNPRINTF 1
| #define HAVE_STRDUP 1
| #define HAVE_STRERROR 1
| #define HAVE_STRTOLL 1
| #define HAVE_STRTOUL 1
| #define HAVE_SYSCONF 1
| #define HAVE_VASPRINTF 1
| #define HAVE_VSNPRINTF 1
| /* end confdefs.h.  */
| #include <stdio.h>
| #ifdef HAVE_SYS_TYPES_H
| # include <sys/types.h>
| #endif
| #ifdef HAVE_SYS_STAT_H
| # include <sys/stat.h>
| #endif
| #ifdef STDC_HEADERS
| # include <stdlib.h>
| # include <stddef.h>
| #else
| # ifdef HAVE_STDLIB_H
| #  include <stdlib.h>
| # endif
| #endif
| #ifdef HAVE_STRING_H
| # if !defined STDC_HEADERS && defined HAVE_MEMORY_H
| #  include <memory.h>
| # endif
| # include <string.h>
| #endif
| #ifdef HAVE_STRINGS_H
| # include <strings.h>
| #endif
| #ifdef HAVE_INTTYPES_H
| # include <inttypes.h>
| #endif
| #ifdef HAVE_STDINT_H
| # include <stdint.h>
| #endif
| #ifdef HAVE_UNISTD_H
| # include <unistd.h>
| #endif
| int
| main ()
| {
| #ifndef getrusage
|   (void) getrusage;
| #endif
| 
|   ;
|   return 0;
| }
configure:5814: result: no
configure:5829: checking whether strsep is declared
configure:5829: gcc -c -g -O2 -Wall -Wpointer-arith -Wuninitialized  conftest.c >&5
configure:5829: $? = 0
configure:5829: result: yes
configure:5838: checking for strsep
configure:5838: gcc -o conftest -g -O2 -Wall -Wpointer-arith -Wuninitialized   conftest.c  >&5
configure:5838: $? = 0
configure:5838: result: yes
configure:5852: checking whether snprintf correctly terminates long strings
configure:5866: gcc -o conftest -g -O2 -Wall -Wpointer-arith -Wuninitialized   conftest.c  >&5
conftest.c: In function 'main':
conftest.c:44:52: warning: implicit declaration of function 'exit' [-Wimplicit-function-declaration]
 int main(void){char b[5];snprintf(b,5,"123456789");exit(b[4]!='\0');}
                                                    ^
conftest.c:44:52: warning: incompatible implicit declaration of built-in function 'exit'
conftest.c:44:52: note: include '<stdlib.h>' or provide a declaration of 'exit'
configure:5866: $? = 0
configure:5866: ./conftest
configure:5866: $? = 0
configure:5867: result: yes
configure:5940: checking whether snprintf can declare const char *fmt
configure:5949: gcc -c -g -O2 -Wall -Wpointer-arith -Wuninitialized  conftest.c >&5
conftest.c: In function 'main':
conftest.c:44:5: warning: null argument where non-null required (argument 3) [-Wnonnull]
     int main(void) { snprintf(0, 0, 0); }
     ^
configure:5949: $? = 0
configure:5950: result: yes
configure:5964: checking for long long
configure:5964: gcc -c -g -O2 -Wall -Wpointer-arith -Wuninitialized  conftest.c >&5
configure:5964: $? = 0
configure:5964: gcc -c -g -O2 -Wall -Wpointer-arith -Wuninitialized  conftest.c >&5
conftest.c: In function 'main':
conftest.c:79:24: error: expected expression before ')' token
 if (sizeof ((long long)))
                        ^
configure:5964: $? = 1
configure: failed program was:
| /* confdefs.h */
| #define PACKAGE_NAME "OpenBSD-Compat"
| #define PACKAGE_TARNAME "openbsd-compat"
| #define PACKAGE_VERSION "Portable"
| #define PACKAGE_STRING "OpenBSD-Compat Portable"
| #define PACKAGE_BUGREPORT "martin@pdftex.org"
| #define PACKAGE_URL ""
| #define PACKAGE "openbsd-compat"
| #define VERSION "Portable"
| #define STDC_HEADERS 1
| #define HAVE_SYS_TYPES_H 1
| #define HAVE_SYS_STAT_H 1
| #define HAVE_STDLIB_H 1
| #define HAVE_STRING_H 1
| #define HAVE_MEMORY_H 1
| #define HAVE_STRINGS_H 1
| #define HAVE_INTTYPES_H 1
| #define HAVE_STDINT_H 1
| #define HAVE_UNISTD_H 1
| #define HAVE_ENDIAN_H 1
| #define HAVE_FEATURES_H 1
| #define HAVE_LIMITS_H 1
| #define HAVE_STDDEF_H 1
| #define HAVE_STDINT_H 1
| #define HAVE_STRING_H 1
| #define HAVE_STRINGS_H 1
| #define HAVE_SYS_STROPTS_H 1
| #define HAVE_SYS_SYSMACROS_H 1
| #define HAVE_STRFTIME 1
| #define HAVE_ASPRINTF 1
| #define HAVE_BCOPY 1
| #define HAVE_SNPRINTF 1
| #define HAVE_STRDUP 1
| #define HAVE_STRERROR 1
| #define HAVE_STRTOLL 1
| #define HAVE_STRTOUL 1
| #define HAVE_SYSCONF 1
| #define HAVE_VASPRINTF 1
| #define HAVE_VSNPRINTF 1
| #define HAVE_STRSEP 1
| #define SNPRINTF_CONST const
| /* end confdefs.h.  */
| #include <stdio.h>
| #ifdef HAVE_SYS_TYPES_H
| # include <sys/types.h>
| #endif
| #ifdef HAVE_SYS_STAT_H
| # include <sys/stat.h>
| #endif
| #ifdef STDC_HEADERS
| # include <stdlib.h>
| # include <stddef.h>
| #else
| # ifdef HAVE_STDLIB_H
| #  include <stdlib.h>
| # endif
| #endif
| #ifdef HAVE_STRING_H
| # if !defined STDC_HEADERS && defined HAVE_MEMORY_H
| #  include <memory.h>
| # endif
| # include <string.h>
| #endif
| #ifdef HAVE_STRINGS_H
| # include <strings.h>
| #endif
| #ifdef HAVE_INTTYPES_H
| # include <inttypes.h>
| #endif
| #ifdef HAVE_STDINT_H
| # include <stdint.h>
| #endif
| #ifdef HAVE_UNISTD_H
| # include <unistd.h>
| #endif
| int
| main ()
| {
| if (sizeof ((long long)))
| 	    return 0;
|   ;
|   return 0;
| }
configure:5964: result: yes
configure:5973: checking for unsigned long long
configure:5973: gcc -c -g -O2 -Wall -Wpointer-arith -Wuninitialized  conftest.c >&5
configure:5973: $? = 0
configure:5973: gcc -c -g -O2 -Wall -Wpointer-arith -Wuninitialized  conftest.c >&5
conftest.c: In function 'main':
conftest.c:80:33: error: expected expression before ')' token
 if (sizeof ((unsigned long long)))
                                 ^
configure:5973: $? = 1
configure: failed program was:
| /* confdefs.h */
| #define PACKAGE_NAME "OpenBSD-Compat"
| #define PACKAGE_TARNAME "openbsd-compat"
| #define PACKAGE_VERSION "Portable"
| #define PACKAGE_STRING "OpenBSD-Compat Portable"
| #define PACKAGE_BUGREPORT "martin@pdftex.org"
| #define PACKAGE_URL ""
| #define PACKAGE "openbsd-compat"
| #define VERSION "Portable"
| #define STDC_HEADERS 1
| #define HAVE_SYS_TYPES_H 1
| #define HAVE_SYS_STAT_H 1
| #define HAVE_STDLIB_H 1
| #define HAVE_STRING_H 1
| #define HAVE_MEMORY_H 1
| #define HAVE_STRINGS_H 1
| #define HAVE_INTTYPES_H 1
| #define HAVE_STDINT_H 1
| #define HAVE_UNISTD_H 1
| #define HAVE_ENDIAN_H 1
| #define HAVE_FEATURES_H 1
| #define HAVE_LIMITS_H 1
| #define HAVE_STDDEF_H 1
| #define HAVE_STDINT_H 1
| #define HAVE_STRING_H 1
| #define HAVE_STRINGS_H 1
| #define HAVE_SYS_STROPTS_H 1
| #define HAVE_SYS_SYSMACROS_H 1
| #define HAVE_STRFTIME 1
| #define HAVE_ASPRINTF 1
| #define HAVE_BCOPY 1
| #define HAVE_SNPRINTF 1
| #define HAVE_STRDUP 1
| #define HAVE_STRERROR 1
| #define HAVE_STRTOLL 1
| #define HAVE_STRTOUL 1
| #define HAVE_SYSCONF 1
| #define HAVE_VASPRINTF 1
| #define HAVE_VSNPRINTF 1
| #define HAVE_STRSEP 1
| #define SNPRINTF_CONST const
| #define HAVE_LONG_LONG 1
| /* end confdefs.h.  */
| #include <stdio.h>
| #ifdef HAVE_SYS_TYPES_H
| # include <sys/types.h>
| #endif
| #ifdef HAVE_SYS_STAT_H
| # include <sys/stat.h>
| #endif
| #ifdef STDC_HEADERS
| # include <stdlib.h>
| # include <stddef.h>
| #else
| # ifdef HAVE_STDLIB_H
| #  include <stdlib.h>
| # endif
| #endif
| #ifdef HAVE_STRING_H
| # if !defined STDC_HEADERS && defined HAVE_MEMORY_H
| #  include <memory.h>
| # endif
| # include <string.h>
| #endif
| #ifdef HAVE_STRINGS_H
| # include <strings.h>
| #endif
| #ifdef HAVE_INTTYPES_H
| # include <inttypes.h>
| #endif
| #ifdef HAVE_STDINT_H
| # include <stdint.h>
| #endif
| #ifdef HAVE_UNISTD_H
| # include <unistd.h>
| #endif
| int
| main ()
| {
| if (sizeof ((unsigned long long)))
| 	    return 0;
|   ;
|   return 0;
| }
configure:5973: result: yes
configure:5982: checking for long double
configure:5982: gcc -c -g -O2 -Wall -Wpointer-arith -Wuninitialized  conftest.c >&5
configure:5982: $? = 0
configure:5982: gcc -c -g -O2 -Wall -Wpointer-arith -Wuninitialized  conftest.c >&5
conftest.c: In function 'main':
conftest.c:81:26: error: expected expression before ')' token
 if (sizeof ((long double)))
                          ^
configure:5982: $? = 1
configure: failed program was:
| /* confdefs.h */
| #define PACKAGE_NAME "OpenBSD-Compat"
| #define PACKAGE_TARNAME "openbsd-compat"
| #define PACKAGE_VERSION "Portable"
| #define PACKAGE_STRING "OpenBSD-Compat Portable"
| #define PACKAGE_BUGREPORT "martin@pdftex.org"
| #define PACKAGE_URL ""
| #define PACKAGE "openbsd-compat"
| #define VERSION "Portable"
| #define STDC_HEADERS 1
| #define HAVE_SYS_TYPES_H 1
| #define HAVE_SYS_STAT_H 1
| #define HAVE_STDLIB_H 1
| #define HAVE_STRING_H 1
| #define HAVE_MEMORY_H 1
| #define HAVE_STRINGS_H 1
| #define HAVE_INTTYPES_H 1
| #define HAVE_STDINT_H 1
| #define HAVE_UNISTD_H 1
| #define HAVE_ENDIAN_H 1
| #define HAVE_FEATURES_H 1
| #define HAVE_LIMITS_H 1
| #define HAVE_STDDEF_H 1
| #define HAVE_STDINT_H 1
| #define HAVE_STRING_H 1
| #define HAVE_STRINGS_H 1
| #define HAVE_SYS_STROPTS_H 1
| #define HAVE_SYS_SYSMACROS_H 1
| #define HAVE_STRFTIME 1
| #define HAVE_ASPRINTF 1
| #define HAVE_BCOPY 1
| #define HAVE_SNPRINTF 1
| #define HAVE_STRDUP 1
| #define HAVE_STRERROR 1
| #define HAVE_STRTOLL 1
| #define HAVE_STRTOUL 1
| #define HAVE_SYSCONF 1
| #define HAVE_VASPRINTF 1
| #define HAVE_VSNPRINTF 1
| #define HAVE_STRSEP 1
| #define SNPRINTF_CONST const
| #define HAVE_LONG_LONG 1
| #define HAVE_UNSIGNED_LONG_LONG 1
| /* end confdefs.h.  */
| #include <stdio.h>
| #ifdef HAVE_SYS_TYPES_H
| # include <sys/types.h>
| #endif
| #ifdef HAVE_SYS_STAT_H
| # include <sys/stat.h>
| #endif
| #ifdef STDC_HEADERS
| # include <stdlib.h>
| # include <stddef.h>
| #else
| # ifdef HAVE_STDLIB_H
| #  include <stdlib.h>
| # endif
| #endif
| #ifdef HAVE_STRING_H
| # if !defined STDC_HEADERS && defined HAVE_MEMORY_H
| #  include <memory.h>
| # endif
| # include <string.h>
| #endif
| #ifdef HAVE_STRINGS_H
| # include <strings.h>
| #endif
| #ifdef HAVE_INTTYPES_H
| # include <inttypes.h>
| #endif
| #ifdef HAVE_STDINT_H
| # include <stdint.h>
| #endif
| #ifdef HAVE_UNISTD_H
| # include <unistd.h>
| #endif
| int
| main ()
| {
| if (sizeof ((long double)))
| 	    return 0;
|   ;
|   return 0;
| }
configure:5982: result: yes
configure:5998: checking size of char
configure:6003: gcc -o conftest -g -O2 -Wall -Wpointer-arith -Wuninitialized   conftest.c  >&5
configure:6003: $? = 0
configure:6003: ./conftest
configure:6003: $? = 0
configure:6018: result: 1
configure:6032: checking size of short int
configure:6037: gcc -o conftest -g -O2 -Wall -Wpointer-arith -Wuninitialized   conftest.c  >&5
configure:6037: $? = 0
configure:6037: ./conftest
configure:6037: $? = 0
configure:6052: result: 2
configure:6066: checking size of int
configure:6071: gcc -o conftest -g -O2 -Wall -Wpointer-arith -Wuninitialized   conftest.c  >&5
configure:6071: $? = 0
configure:6071: ./conftest
configure:6071: $? = 0
configure:6086: result: 4
configure:6100: checking size of long int
configure:6105: gcc -o conftest -g -O2 -Wall -Wpointer-arith -Wuninitialized   conftest.c  >&5
configure:6105: $? = 0
configure:6105: ./conftest
configure:6105: $? = 0
configure:6120: result: 8
configure:6134: checking size of long long int
configure:6139: gcc -o conftest -g -O2 -Wall -Wpointer-arith -Wuninitialized   conftest.c  >&5
configure:6139: $? = 0
configure:6139: ./conftest
configure:6139: $? = 0
configure:6154: result: 8
configure:6272: checking for u_int type
configure:6289: gcc -c -g -O2 -Wall -Wpointer-arith -Wuninitialized  conftest.c >&5
conftest.c: In function 'main':
conftest.c:55:8: warning: variable 'a' set but not used [-Wunused-but-set-variable]
  u_int a; a = 1;
        ^
configure:6289: $? = 0
configure:6298: result: yes
configure:6307: checking for intXX_t types
configure:6324: gcc -c -g -O2 -Wall -Wpointer-arith -Wuninitialized  conftest.c >&5
conftest.c: In function 'main':
conftest.c:56:9: warning: variable 'a' set but not used [-Wunused-but-set-variable]
  int8_t a; int16_t b; int32_t c; a = b = c = 1;
         ^
configure:6324: $? = 0
configure:6333: result: yes
configure:6373: checking for int64_t type
configure:6399: gcc -c -g -O2 -Wall -Wpointer-arith -Wuninitialized  conftest.c >&5
conftest.c: In function 'main':
conftest.c:66:10: warning: variable 'a' set but not used [-Wunused-but-set-variable]
  int64_t a; a = 1;
          ^
configure:6399: $? = 0
configure:6408: result: yes
configure:6416: checking for u_intXX_t types
configure:6433: gcc -c -g -O2 -Wall -Wpointer-arith -Wuninitialized  conftest.c >&5
conftest.c: In function 'main':
conftest.c:58:11: warning: variable 'a' set but not used [-Wunused-but-set-variable]
  u_int8_t a; u_int16_t b; u_int32_t c; a = b = c = 1;
           ^
configure:6433: $? = 0
configure:6442: result: yes
configure:6480: checking for u_int64_t types
configure:6497: gcc -c -g -O2 -Wall -Wpointer-arith -Wuninitialized  conftest.c >&5
conftest.c: In function 'main':
conftest.c:59:12: warning: variable 'a' set but not used [-Wunused-but-set-variable]
  u_int64_t a; a = 1;
            ^
configure:6497: $? = 0
configure:6506: result: yes
configure:6583: checking for uintXX_t types in stdint.h
configure:6596: gcc -c -g -O2 -Wall -Wpointer-arith -Wuninitialized  conftest.c >&5
conftest.c: In function 'main':
conftest.c:60:10: warning: variable 'a' set but not used [-Wunused-but-set-variable]
  uint8_t a; uint16_t b; uint32_t c; a = b = c = 1;
          ^
configure:6596: $? = 0
configure:6600: result: yes
configure:6651: checking for u_char
configure:6670: gcc -c -g -O2 -Wall -Wpointer-arith -Wuninitialized  conftest.c >&5
conftest.c: In function 'main':
conftest.c:63:9: warning: variable 'foo' set but not used [-Wunused-but-set-variable]
  u_char foo; foo = 125;
         ^
configure:6670: $? = 0
configure:6679: result: yes
configure:6687: checking for size_t
configure:6706: gcc -c -g -O2 -Wall -Wpointer-arith -Wuninitialized  conftest.c >&5
conftest.c: In function 'main':
conftest.c:64:9: warning: variable 'foo' set but not used [-Wunused-but-set-variable]
  size_t foo; foo = 1235;
         ^
configure:6706: $? = 0
configure:6715: result: yes
configure:6723: checking for ssize_t
configure:6742: gcc -c -g -O2 -Wall -Wpointer-arith -Wuninitialized  conftest.c >&5
conftest.c: In function 'main':
conftest.c:65:10: warning: variable 'foo' set but not used [-Wunused-but-set-variable]
  ssize_t foo; foo = 1235;
          ^
configure:6742: $? = 0
configure:6751: result: yes
configure:6801: gcc -o conftest -g -O2 -Wall -Wpointer-arith -Wuninitialized   conftest.c  >&5
conftest.c:64:1: warning: return type defaults to 'int' [-Wimplicit-int]
 main()
 ^
conftest.c: In function 'main':
conftest.c:75:25: warning: format '%lld' expects argument of type 'long long int', but argument 4 has type 'long int' [-Wformat=]
  snprintf(buf, mazsize, "%lld", num);
                         ^
conftest.c:75:25: warning: format '%lld' expects argument of type 'long long int', but argument 4 has type 'long int' [-Wformat=]
conftest.c:77:3: warning: implicit declaration of function 'exit' [-Wimplicit-function-declaration]
   exit(1);
   ^
conftest.c:77:3: warning: incompatible implicit declaration of built-in function 'exit'
conftest.c:77:3: note: include '<stdlib.h>' or provide a declaration of 'exit'
conftest.c:78:2: warning: incompatible implicit declaration of built-in function 'exit'
  exit(0);
  ^
conftest.c:78:2: note: include '<stdlib.h>' or provide a declaration of 'exit'
configure:6801: $? = 0
configure:6801: ./conftest
configure:6801: $? = 0
configure:6813: checking if libc defines __progname
configure:6830: gcc -o conftest -g -O2 -Wall -Wpointer-arith -Wuninitialized   conftest.c  >&5
conftest.c: In function 'main':
conftest.c:64:27: warning: implicit declaration of function 'printf' [-Wimplicit-function-declaration]
  extern char *__progname; printf("%s", __progname);
                           ^
conftest.c:64:27: warning: incompatible implicit declaration of built-in function 'printf'
conftest.c:64:27: note: include '<stdio.h>' or provide a declaration of 'printf'
configure:6830: $? = 0
configure:6840: result: yes
configure:6848: checking whether gcc implements __FUNCTION__
configure:6867: gcc -o conftest -g -O2 -Wall -Wpointer-arith -Wuninitialized   conftest.c  >&5
configure:6867: $? = 0
configure:6877: result: yes
configure:6885: checking whether gcc implements __func__
configure:6904: gcc -o conftest -g -O2 -Wall -Wpointer-arith -Wuninitialized   conftest.c  >&5
configure:6904: $? = 0
configure:6914: result: yes
configure:6922: checking whether va_copy exists
configure:6940: gcc -o conftest -g -O2 -Wall -Wpointer-arith -Wuninitialized   conftest.c  >&5
configure:6940: $? = 0
configure:6950: result: yes
configure:6958: checking whether __va_copy exists
configure:6976: gcc -o conftest -g -O2 -Wall -Wpointer-arith -Wuninitialized   conftest.c  >&5
configure:6976: $? = 0
configure:6986: result: yes
configure:6994: checking whether getopt has optreset support
configure:7013: gcc -o conftest -g -O2 -Wall -Wpointer-arith -Wuninitialized   conftest.c  >&5
/tmp/ccIhCOMX.o: In function `main':
/home/dmonad/git/_test2/src/binary/pdftex-1.40.11/build-pdftex/libs/obsdcompat/conftest.c:71: undefined reference to `optreset'
collect2: error: ld returned 1 exit status
configure:7013: $? = 1
configure: failed program was:
| /* confdefs.h */
| #define PACKAGE_NAME "OpenBSD-Compat"
| #define PACKAGE_TARNAME "openbsd-compat"
| #define PACKAGE_VERSION "Portable"
| #define PACKAGE_STRING "OpenBSD-Compat Portable"
| #define PACKAGE_BUGREPORT "martin@pdftex.org"
| #define PACKAGE_URL ""
| #define PACKAGE "openbsd-compat"
| #define VERSION "Portable"
| #define STDC_HEADERS 1
| #define HAVE_SYS_TYPES_H 1
| #define HAVE_SYS_STAT_H 1
| #define HAVE_STDLIB_H 1
| #define HAVE_STRING_H 1
| #define HAVE_MEMORY_H 1
| #define HAVE_STRINGS_H 1
| #define HAVE_INTTYPES_H 1
| #define HAVE_STDINT_H 1
| #define HAVE_UNISTD_H 1
| #define HAVE_ENDIAN_H 1
| #define HAVE_FEATURES_H 1
| #define HAVE_LIMITS_H 1
| #define HAVE_STDDEF_H 1
| #define HAVE_STDINT_H 1
| #define HAVE_STRING_H 1
| #define HAVE_STRINGS_H 1
| #define HAVE_SYS_STROPTS_H 1
| #define HAVE_SYS_SYSMACROS_H 1
| #define HAVE_STRFTIME 1
| #define HAVE_ASPRINTF 1
| #define HAVE_BCOPY 1
| #define HAVE_SNPRINTF 1
| #define HAVE_STRDUP 1
| #define HAVE_STRERROR 1
| #define HAVE_STRTOLL 1
| #define HAVE_STRTOUL 1
| #define HAVE_SYSCONF 1
| #define HAVE_VASPRINTF 1
| #define HAVE_VSNPRINTF 1
| #define HAVE_STRSEP 1
| #define SNPRINTF_CONST const
| #define HAVE_LONG_LONG 1
| #define HAVE_UNSIGNED_LONG_LONG 1
| #define HAVE_LONG_DOUBLE 1
| #define SIZEOF_CHAR 1
| #define SIZEOF_SHORT_INT 2
| #define SIZEOF_INT 4
| #define SIZEOF_LONG_INT 8
| #define SIZEOF_LONG_LONG_INT 8
| #define HAVE_U_INT 1
| #define HAVE_INTXX_T 1
| #define HAVE_INT64_T 1
| #define HAVE_U_INTXX_T 1
| #define HAVE_U_INT64_T 1
| #define HAVE_UINTXX_T 1
| #define HAVE_U_CHAR 1
| #define HAVE_SIZE_T 1
| #define HAVE_SSIZE_T 1
| #define HAVE___PROGNAME 1
| #define HAVE___FUNCTION__ 1
| #define HAVE___func__ 1
| #define HAVE_VA_COPY 1
| #define HAVE___VA_COPY 1
| /* end confdefs.h.  */
| 
| #include <getopt.h>
| 
| int
| main ()
| {
|  extern int optreset; optreset = 0;
|   ;
|   return 0;
| }
configure:7023: result: no
configure:7096: updating cache ../../config.cache
configure:7158: creating ./config.status

## ---------------------- ##
## Running config.status. ##
## ---------------------- ##

This file was extended by OpenBSD-Compat config.status Portable, which was
generated by GNU Autoconf 2.65.  Invocation command line was

  CONFIG_FILES    = 
  CONFIG_HEADERS  = 
  CONFIG_LINKS    = 
  CONFIG_COMMANDS = 
  $ ./config.status 

on Jahns-Ubuntu

config.status:915: creating Makefile
config.status:915: creating obsdcompat/config.h
config.status:1128: executing depfiles commands

## ---------------- ##
## Cache variables. ##
## ---------------- ##

ac_cv_build=x86_64-unknown-linux-gnu
ac_cv_c_bigendian=no
ac_cv_c_compiler_gnu=yes
ac_cv_c_const=yes
ac_cv_c_inline=inline
ac_cv_cc_implements___FUNCTION__=yes
ac_cv_cc_implements___func__=yes
ac_cv_cxx_compiler_gnu=yes
ac_cv_env_CCC_set=
ac_cv_env_CCC_value=
ac_cv_env_CC_set=
ac_cv_env_CC_value=
ac_cv_env_CFLAGS_set=
ac_cv_env_CFLAGS_value=
ac_cv_env_CPPFLAGS_set=
ac_cv_env_CPPFLAGS_value=
ac_cv_env_CPP_set=
ac_cv_env_CPP_value=
ac_cv_env_CXXCPP_set=
ac_cv_env_CXXCPP_value=
ac_cv_env_CXXFLAGS_set=
ac_cv_env_CXXFLAGS_value=
ac_cv_env_CXX_set=
ac_cv_env_CXX_value=
ac_cv_env_LDFLAGS_set=
ac_cv_env_LDFLAGS_value=
ac_cv_env_LIBS_set=
ac_cv_env_LIBS_value=
ac_cv_env_XMKMF_set=
ac_cv_env_XMKMF_value=
ac_cv_env_build_alias_set=
ac_cv_env_build_alias_value=
ac_cv_env_host_alias_set=
ac_cv_env_host_alias_value=
ac_cv_env_target_alias_set=
ac_cv_env_target_alias_value=
ac_cv_func_asprintf=yes
ac_cv_func_bcmp=yes
ac_cv_func_bcopy=yes
ac_cv_func_bzero=yes
ac_cv_func_closedir_void=no
ac_cv_func_getcwd=yes
ac_cv_func_getwd=yes
ac_cv_func_index=yes
ac_cv_func_memcmp=yes
ac_cv_func_memcpy=yes
ac_cv_func_memset=yes
ac_cv_func_mkstemp=yes
ac_cv_func_mktemp=yes
ac_cv_func_putenv=yes
ac_cv_func_rindex=yes
ac_cv_func_snprintf=yes
ac_cv_func_strcasecmp=yes
ac_cv_func_strchr=yes
ac_cv_func_strdup=yes
ac_cv_func_strerror=yes
ac_cv_func_strftime=yes
ac_cv_func_strlcat=no
ac_cv_func_strlcpy=no
ac_cv_func_strrchr=yes
ac_cv_func_strsep=yes
ac_cv_func_strstr=yes
ac_cv_func_strtod=yes
ac_cv_func_strtol=yes
ac_cv_func_strtoll=yes
ac_cv_func_strtonum=no
ac_cv_func_strtoul=yes
ac_cv_func_sysconf=yes
ac_cv_func_vasprintf=yes
ac_cv_func_vsnprintf=yes
ac_cv_have___va_copy=yes
ac_cv_have_decl_LLONG_MAX=yes
ac_cv_have_decl_getrusage=no
ac_cv_have_decl_putenv=yes
ac_cv_have_decl_strsep=yes
ac_cv_have_decl_strstr=yes
ac_cv_have_getopt_optreset=no
ac_cv_have_int64_t=yes
ac_cv_have_intxx_t=yes
ac_cv_have_size_t=yes
ac_cv_have_ssize_t=yes
ac_cv_have_u_char=yes
ac_cv_have_u_int64_t=yes
ac_cv_have_u_int=yes
ac_cv_have_u_intxx_t=yes
ac_cv_have_va_copy=yes
ac_cv_header_assert_h=yes
ac_cv_header_dirent_dirent_h=yes
ac_cv_header_dlfcn_h=yes
ac_cv_header_endian_h=yes
ac_cv_header_errno_h=yes
ac_cv_header_features_h=yes
ac_cv_header_float_h=yes
ac_cv_header_floatingpoint_h=no
ac_cv_header_inttypes_h=yes
ac_cv_header_limits_h=yes
ac_cv_header_malloc_h=yes
ac_cv_header_memory_h=yes
ac_cv_header_pwd_h=yes
ac_cv_header_stdc=yes
ac_cv_header_stddef_h=yes
ac_cv_header_stdint_h=yes
ac_cv_header_stdlib_h=yes
ac_cv_header_string_h=yes
ac_cv_header_strings_h=yes
ac_cv_header_sys_param_h=yes
ac_cv_header_sys_stat_h=yes
ac_cv_header_sys_stropts_h=yes
ac_cv_header_sys_strtio_h=no
ac_cv_header_sys_sysmacros_h=yes
ac_cv_header_sys_types_h=yes
ac_cv_header_unistd_h=yes
ac_cv_header_util_h=no
ac_cv_host=x86_64-unknown-linux-gnu
ac_cv_libc_defines___progname=yes
ac_cv_member_struct_stat_st_mtim=yes
ac_cv_objext=o
ac_cv_path_AR=/usr/bin/ar
ac_cv_path_CAT=/bin/cat
ac_cv_path_EGREP='/bin/grep -E'
ac_cv_path_FGREP='/bin/grep -F'
ac_cv_path_GREP=/bin/grep
ac_cv_path_SED=/bin/sed
ac_cv_path_SH=/bin/sh
ac_cv_path_TEST_MINUS_S_SH=/bin/bash
ac_cv_path_install='/usr/bin/install -c'
ac_cv_path_mkdir=/bin/mkdir
ac_cv_prog_AWK=gawk
ac_cv_prog_CPP='gcc -E'
ac_cv_prog_CXXCPP='g++ -E'
ac_cv_prog_ac_ct_AR=ar
ac_cv_prog_ac_ct_CC=gcc
ac_cv_prog_ac_ct_CXX=g++
ac_cv_prog_ac_ct_OBJDUMP=objdump
ac_cv_prog_ac_ct_PKG_CONFIG=pkg-config
ac_cv_prog_ac_ct_RANLIB=ranlib
ac_cv_prog_ac_ct_STRIP=strip
ac_cv_prog_cc_c89=
ac_cv_prog_cc_g=yes
ac_cv_prog_cxx_g=yes
ac_cv_prog_make_make_set=yes
ac_cv_search_opendir='none required'
ac_cv_search_pow=-lm
ac_cv_sizeof_char=1
ac_cv_sizeof_int=4
ac_cv_sizeof_long_int=8
ac_cv_sizeof_long_long_int=8
ac_cv_sizeof_short_int=2
ac_cv_struct_tm=time.h
ac_cv_sys_largefile_source=no
ac_cv_type_long_double=yes
ac_cv_type_long_long=yes
ac_cv_type_size_t=yes
ac_cv_type_unsigned_long_long=yes
am_cv_CC_dependencies_compiler_type=gcc3
am_cv_CXX_dependencies_compiler_type=gcc3
kb_cv_c_prototypes=yes
kb_cv_func_getcwd_forks=no
kb_cv_var_program_inv_name=yes
kpse_cv_have_win32=no
kpse_cv_warning_cflags='-Wimplicit -Wreturn-type'
kpse_cv_warning_cxxflags='-Wimplicit -Wreturn-type'
lt_cv_deplibs_check_method=pass_all
lt_cv_file_magic_cmd='$MAGIC_CMD'
lt_cv_file_magic_test_file=
lt_cv_ld_reload_flag=-r
lt_cv_nm_interface='BSD nm'
lt_cv_objdir=.libs
lt_cv_path_LD=/usr/bin/ld
lt_cv_path_LDCXX='/usr/bin/ld -m elf_x86_64'
lt_cv_path_NM='/usr/bin/nm -B'
lt_cv_prog_compiler_c_o=yes
lt_cv_prog_compiler_c_o_CXX=yes
lt_cv_prog_compiler_pic_works=yes
lt_cv_prog_compiler_pic_works_CXX=yes
lt_cv_prog_compiler_rtti_exceptions=no
lt_cv_prog_compiler_static_works=yes
lt_cv_prog_compiler_static_works_CXX=yes
lt_cv_prog_gnu_ld=yes
lt_cv_prog_gnu_ldcxx=yes
lt_cv_sys_global_symbol_pipe='sed -n -e '\''s/^.*[	 ]\([ABCDGIRSTW][ABCDGIRSTW]*\)[	 ][	 ]*\([_A-Za-z][_A-Za-z0-9]*\)$/\1 \2 \2/p'\'''
lt_cv_sys_global_symbol_to_c_name_address='sed -n -e '\''s/^: \([^ ]*\) $/  {\"\1\", (void *) 0},/p'\'' -e '\''s/^[ABCDGIRSTW]* \([^ ]*\) \([^ ]*\)$/  {"\2", (void *) \&\2},/p'\'''
lt_cv_sys_global_symbol_to_c_name_address_lib_prefix='sed -n -e '\''s/^: \([^ ]*\) $/  {\"\1\", (void *) 0},/p'\'' -e '\''s/^[ABCDGIRSTW]* \([^ ]*\) \(lib[^ ]*\)$/  {"\2", (void *) \&\2},/p'\'' -e '\''s/^[ABCDGIRSTW]* \([^ ]*\) \([^ ]*\)$/  {"lib\2", (void *) \&\2},/p'\'''
lt_cv_sys_global_symbol_to_cdecl='sed -n -e '\''s/^T .* \(.*\)$/extern int \1();/p'\'' -e '\''s/^[ABCDGIRSTW]* .* \(.*\)$/extern char \1;/p'\'''
lt_cv_sys_max_cmd_len=1572864

## ----------------- ##
## Output variables. ##
## ----------------- ##

ACLOCAL='${SHELL} /home/dmonad/git/_test2/src/binary/pdftex-1.40.11/src/build-aux/missing --run aclocal-1.11'
AMDEPBACKSLASH='\'
AMDEP_FALSE='#'
AMDEP_TRUE=''
AMTAR='${SHELL} /home/dmonad/git/_test2/src/binary/pdftex-1.40.11/src/build-aux/missing --run tar'
AR='/usr/bin/ar'
AUTOCONF='${SHELL} /home/dmonad/git/_test2/src/binary/pdftex-1.40.11/src/build-aux/missing --run autoconf'
AUTOHEADER='${SHELL} /home/dmonad/git/_test2/src/binary/pdftex-1.40.11/src/build-aux/missing --run autoheader'
AUTOMAKE='${SHELL} /home/dmonad/git/_test2/src/binary/pdftex-1.40.11/src/build-aux/missing --run automake-1.11'
AWK='gawk'
CAT='/bin/cat'
CC='gcc'
CCDEPMODE='depmode=gcc3'
CFLAGS='-g -O2 -Wall -Wpointer-arith -Wuninitialized '
CPP='gcc -E'
CPPFLAGS=''
CYGPATH_W='echo'
DEFS='-DHAVE_CONFIG_H'
DEPDIR='.deps'
ECHO_C=''
ECHO_N='-n'
ECHO_T=''
EGREP='/bin/grep -E'
EXEEXT=''
GREP='/bin/grep'
INSTALL_DATA='${INSTALL} -m 644'
INSTALL_PROGRAM='${INSTALL}'
INSTALL_SCRIPT='${INSTALL}'
INSTALL_STRIP_PROGRAM='$(install_sh) -c -s'
LD='gcc'
LDFLAGS=''
LIBOBJS=''
LIBS=''
LTLIBOBJS=''
MAINT='#'
MAINTAINER_MODE_FALSE=''
MAINTAINER_MODE_TRUE='#'
MAKEINFO='${SHELL} /home/dmonad/git/_test2/src/binary/pdftex-1.40.11/src/build-aux/missing --run makeinfo'
MKDIR_P='/bin/mkdir -p'
OBJEXT='o'
PACKAGE='openbsd-compat'
PACKAGE_BUGREPORT='martin@pdftex.org'
PACKAGE_NAME='OpenBSD-Compat'
PACKAGE_STRING='OpenBSD-Compat Portable'
PACKAGE_TARNAME='openbsd-compat'
PACKAGE_URL=''
PACKAGE_VERSION='Portable'
PATH_SEPARATOR=':'
RANLIB='ranlib'
SED='/bin/sed'
SET_MAKE=''
SH='/bin/sh'
SHELL='/bin/bash'
STRIP=''
TEST_MINUS_S_SH='/bin/bash'
TEST_SHELL='sh'
VERSION='Portable'
ac_ct_CC='gcc'
am__EXEEXT_FALSE=''
am__EXEEXT_TRUE='#'
am__fastdepCC_FALSE='#'
am__fastdepCC_TRUE=''
am__include='include'
am__isrc=' -I$(srcdir)'
am__leading_dot='.'
am__quote=''
am__tar='${AMTAR} chof - "$$tardir"'
am__untar='${AMTAR} xf -'
bindir='${exec_prefix}/bin/x86_64-unknown-linux-gnu'
build='x86_64-unknown-linux-gnu'
build_FALSE=''
build_TRUE='#'
build_alias=''
build_cpu='x86_64'
build_os='linux-gnu'
build_vendor='unknown'
datadir='${datarootdir}'
datarootdir='${prefix}/share'
docdir='${datarootdir}/doc/${PACKAGE_TARNAME}'
dvidir='${docdir}'
exec_prefix='${prefix}'
host='x86_64-unknown-linux-gnu'
host_alias=''
host_cpu='x86_64'
host_os='linux-gnu'
host_vendor='unknown'
htmldir='${docdir}'
includedir='${prefix}/include'
infodir='${prefix}/texmf/doc/info'
install_sh='${SHELL} /home/dmonad/git/_test2/src/binary/pdftex-1.40.11/src/build-aux/install-sh'
libdir='${exec_prefix}/lib/x86_64-unknown-linux-gnu'
libexecdir='${exec_prefix}/libexec'
localedir='${datarootdir}/locale'
localstatedir='${prefix}/var'
mandir='${prefix}/texmf/doc/man'
mkdir_p='/bin/mkdir -p'
oldincludedir='/usr/include'
pdfdir='${docdir}'
prefix='/usr/local'
program_transform_name='s,x,x,'
psdir='${docdir}'
sbindir='${exec_prefix}/sbin'
sharedstatedir='${prefix}/com'
sysconfdir='${prefix}/etc'
target_alias=''

## ----------- ##
## confdefs.h. ##
## ----------- ##

/* confdefs.h */
#define PACKAGE_NAME "OpenBSD-Compat"
#define PACKAGE_TARNAME "openbsd-compat"
#define PACKAGE_VERSION "Portable"
#define PACKAGE_STRING "OpenBSD-Compat Portable"
#define PACKAGE_BUGREPORT "martin@pdftex.org"
#define PACKAGE_URL ""
#define PACKAGE "openbsd-compat"
#define VERSION "Portable"
#define STDC_HEADERS 1
#define HAVE_SYS_TYPES_H 1
#define HAVE_SYS_STAT_H 1
#define HAVE_STDLIB_H 1
#define HAVE_STRING_H 1
#define HAVE_MEMORY_H 1
#define HAVE_STRINGS_H 1
#define HAVE_INTTYPES_H 1
#define HAVE_STDINT_H 1
#define HAVE_UNISTD_H 1
#define HAVE_ENDIAN_H 1
#define HAVE_FEATURES_H 1
#define HAVE_LIMITS_H 1
#define HAVE_STDDEF_H 1
#define HAVE_STDINT_H 1
#define HAVE_STRING_H 1
#define HAVE_STRINGS_H 1
#define HAVE_SYS_STROPTS_H 1
#define HAVE_SYS_SYSMACROS_H 1
#define HAVE_STRFTIME 1
#define HAVE_ASPRINTF 1
#define HAVE_BCOPY 1
#define HAVE_SNPRINTF 1
#define HAVE_STRDUP 1
#define HAVE_STRERROR 1
#define HAVE_STRTOLL 1
#define HAVE_STRTOUL 1
#define HAVE_SYSCONF 1
#define HAVE_VASPRINTF 1
#define HAVE_VSNPRINTF 1
#define HAVE_STRSEP 1
#define SNPRINTF_CONST const
#define HAVE_LONG_LONG 1
#define HAVE_UNSIGNED_LONG_LONG 1
#define HAVE_LONG_DOUBLE 1
#define SIZEOF_CHAR 1
#define SIZEOF_SHORT_INT 2
#define SIZEOF_INT 4
#define SIZEOF_LONG_INT 8
#define SIZEOF_LONG_LONG_INT 8
#define HAVE_U_INT 1
#define HAVE_INTXX_T 1
#define HAVE_INT64_T 1
#define HAVE_U_INTXX_T 1
#define HAVE_U_INT64_T 1
#define HAVE_UINTXX_T 1
#define HAVE_U_CHAR 1
#define HAVE_SIZE_T 1
#define HAVE_SSIZE_T 1
#define HAVE___PROGNAME 1
#define HAVE___FUNCTION__ 1
#define HAVE___func__ 1
#define HAVE_VA_COPY 1
#define HAVE___VA_COPY 1

configure: exit 0
